2015-11-10 15:26:56 10fc InnoDB: Warning: Using innodb_additional_mem_pool_size is DEPRECATED. This option may be removed in future releases, together with the option innodb_use_sys_malloc and with the InnoDB's internal memory allocator.
2015-11-10 15:26:56 4348 [Note] InnoDB: Using mutexes to ref count buffer pool pages
2015-11-10 15:26:56 4348 [Note] InnoDB: The InnoDB memory heap is disabled
2015-11-10 15:26:56 4348 [Note] InnoDB: Mutexes and rw_locks use Windows interlocked functions
2015-11-10 15:26:56 4348 [Note] InnoDB: Memory barrier is not used
2015-11-10 15:26:56 4348 [Note] InnoDB: Compressed tables use zlib 1.2.3
2015-11-10 15:26:56 4348 [Note] InnoDB: Not using CPU crc32 instructions
2015-11-10 15:26:56 4348 [Note] InnoDB: Initializing buffer pool, size = 16.0M
2015-11-10 15:26:56 4348 [Note] InnoDB: Completed initialization of buffer pool
2015-11-10 15:26:56 4348 [Note] InnoDB: Highest supported file format is Barracuda.
2015-11-10 15:26:57 4348 [Note] InnoDB: 128 rollback segment(s) are active.
2015-11-10 15:26:57 4348 [Note] InnoDB: Waiting for purge to start
2015-11-10 15:26:57 4348 [Note] InnoDB:  Percona XtraDB (http://www.percona.com) 5.6.26-74.0 started; log sequence number 1835027
2015-11-10 15:26:57 6140 [Note] InnoDB: Dumping buffer pool(s) not yet started
2015-11-10 15:26:57 4348 [Note] Plugin 'FEEDBACK' is disabled.
2015-11-10 15:26:57 4348 [Note] Server socket created on IP: '::'.
2015-11-10 15:26:57 4348 [Note] Event Scheduler: Loaded 0 events
2015-11-10 15:26:57 4348 [Note] C:\xampp\mysql\bin\mysqld.exe: ready for connections.
Version: '10.1.8-MariaDB'  socket: ''  port: 3306  mariadb.org binary distribution
2015-11-10 15:27:11 5152 [Note] C:\xampp\mysql\bin\mysqld.exe: Normal shutdown

2015-11-10 15:27:11 5152 [Note] Event Scheduler: Purging the queue. 0 events
2015-11-10 15:27:11 5732 [Note] InnoDB: FTS optimize thread exiting.
2015-11-10 15:27:11 5152 [Note] InnoDB: Starting shutdown...
2015-11-10 15:27:13 5152 [Note] InnoDB: Shutdown completed; log sequence number 1835037
2015-11-10 15:27:13 5152 [Note] C:\xampp\mysql\bin\mysqld.exe: Shutdown complete

2019-02-13 17:36:59 d20 InnoDB: Warning: Using innodb_additional_mem_pool_size is DEPRECATED. This option may be removed in future releases, together with the option innodb_use_sys_malloc and with the InnoDB's internal memory allocator.
2019-02-13 17:36:59 3360 [Note] InnoDB: innodb_empty_free_list_algorithm has been changed to legacy because of small buffer pool size. In order to use backoff, increase buffer pool at least up to 20MB.

2019-02-13 17:36:59 3360 [Note] InnoDB: Using mutexes to ref count buffer pool pages
2019-02-13 17:36:59 3360 [Note] InnoDB: The InnoDB memory heap is disabled
2019-02-13 17:36:59 3360 [Note] InnoDB: Mutexes and rw_locks use Windows interlocked functions
2019-02-13 17:36:59 3360 [Note] InnoDB: _mm_lfence() and _mm_sfence() are used for memory barrier
2019-02-13 17:36:59 3360 [Note] InnoDB: Compressed tables use zlib 1.2.11
2019-02-13 17:36:59 3360 [Note] InnoDB: Using generic crc32 instructions
2019-02-13 17:36:59 3360 [Note] InnoDB: Initializing buffer pool, size = 16.0M
2019-02-13 17:36:59 3360 [Note] InnoDB: Completed initialization of buffer pool
2019-02-13 17:36:59 3360 [Note] InnoDB: Highest supported file format is Barracuda.
2019-02-13 17:36:59 3360 [Note] InnoDB: 128 rollback segment(s) are active.
2019-02-13 17:36:59 3360 [Note] InnoDB: Waiting for purge to start
2019-02-13 17:36:59 3360 [Note] InnoDB:  Percona XtraDB (http://www.percona.com) 5.6.41-84.1 started; log sequence number 1835037
2019-02-13 17:36:59 2640 [Note] InnoDB: Dumping buffer pool(s) not yet started
2019-02-13 17:36:59 3360 [Note] Plugin 'FEEDBACK' is disabled.
2019-02-13 17:36:59 3360 [Note] Server socket created on IP: '::'.
2019-02-13 17:36:59 3360 [Note] c:\xampp\mysql\bin\mysqld.exe: ready for connections.
Version: '10.1.37-MariaDB'  socket: ''  port: 3306  mariadb.org binary distribution
2019-02-18 17:44:53 1d68 InnoDB: Warning: Using innodb_additional_mem_pool_size is DEPRECATED. This option may be removed in future releases, together with the option innodb_use_sys_malloc and with the InnoDB's internal memory allocator.
2019-02-18 17:44:53 7528 [Note] InnoDB: innodb_empty_free_list_algorithm has been changed to legacy because of small buffer pool size. In order to use backoff, increase buffer pool at least up to 20MB.

2019-02-18 17:44:53 7528 [Note] InnoDB: Using mutexes to ref count buffer pool pages
2019-02-18 17:44:53 7528 [Note] InnoDB: The InnoDB memory heap is disabled
2019-02-18 17:44:53 7528 [Note] InnoDB: Mutexes and rw_locks use Windows interlocked functions
2019-02-18 17:44:53 7528 [Note] InnoDB: _mm_lfence() and _mm_sfence() are used for memory barrier
2019-02-18 17:44:53 7528 [Note] InnoDB: Compressed tables use zlib 1.2.11
2019-02-18 17:44:53 7528 [Note] InnoDB: Using generic crc32 instructions
2019-02-18 17:44:53 7528 [Note] InnoDB: Initializing buffer pool, size = 16.0M
2019-02-18 17:44:53 7528 [Note] InnoDB: Completed initialization of buffer pool
2019-02-18 17:44:53 7528 [Note] InnoDB: Highest supported file format is Barracuda.
2019-02-18 17:44:53 7528 [Note] InnoDB: The log sequence number 1835037 in ibdata file do not match the log sequence number 1835047 in the ib_logfiles!
2019-02-18 17:44:53 7528 [Note] InnoDB: Restoring possible half-written data pages from the doublewrite buffer...
2019-02-18 17:44:53 7528 [Note] InnoDB: 128 rollback segment(s) are active.
2019-02-18 17:44:53 7528 [Note] InnoDB: Waiting for purge to start
2019-02-18 17:44:53 7528 [Note] InnoDB:  Percona XtraDB (http://www.percona.com) 5.6.41-84.1 started; log sequence number 1835047
2019-02-18 17:44:53 7568 [Note] InnoDB: Dumping buffer pool(s) not yet started
2019-02-18 17:44:53 7528 [Note] Plugin 'FEEDBACK' is disabled.
2019-02-18 17:44:53 7528 [Note] Server socket created on IP: '::'.
2019-02-18 17:44:53 7528 [Note] c:\xampp\mysql\bin\mysqld.exe: ready for connections.
Version: '10.1.37-MariaDB'  socket: ''  port: 3306  mariadb.org binary distribution
2019-02-18 17:53:45 13ec InnoDB: Warning: Using innodb_additional_mem_pool_size is DEPRECATED. This option may be removed in future releases, together with the option innodb_use_sys_malloc and with the InnoDB's internal memory allocator.
2019-02-18 17:53:45 5100 [Note] InnoDB: innodb_empty_free_list_algorithm has been changed to legacy because of small buffer pool size. In order to use backoff, increase buffer pool at least up to 20MB.

2019-02-18 17:53:45 5100 [Note] InnoDB: Using mutexes to ref count buffer pool pages
2019-02-18 17:53:45 5100 [Note] InnoDB: The InnoDB memory heap is disabled
2019-02-18 17:53:45 5100 [Note] InnoDB: Mutexes and rw_locks use Windows interlocked functions
2019-02-18 17:53:45 5100 [Note] InnoDB: _mm_lfence() and _mm_sfence() are used for memory barrier
2019-02-18 17:53:45 5100 [Note] InnoDB: Compressed tables use zlib 1.2.11
2019-02-18 17:53:45 5100 [Note] InnoDB: Using generic crc32 instructions
2019-02-18 17:53:45 5100 [Note] InnoDB: Initializing buffer pool, size = 16.0M
2019-02-18 17:53:45 5100 [Note] InnoDB: Completed initialization of buffer pool
2019-02-18 17:53:45 5100 [Note] InnoDB: Highest supported file format is Barracuda.
2019-02-18 17:53:45 5100 [Note] InnoDB: The log sequence number 1835037 in ibdata file do not match the log sequence number 1835057 in the ib_logfiles!
2019-02-18 17:53:45 5100 [Note] InnoDB: Restoring possible half-written data pages from the doublewrite buffer...
2019-02-18 17:53:45 5100 [Note] InnoDB: 128 rollback segment(s) are active.
2019-02-18 17:53:45 5100 [Note] InnoDB: Waiting for purge to start
2019-02-18 17:53:45 5100 [Note] InnoDB:  Percona XtraDB (http://www.percona.com) 5.6.41-84.1 started; log sequence number 1835057
2019-02-18 17:53:45 13952 [Note] InnoDB: Dumping buffer pool(s) not yet started
2019-02-18 17:53:45 5100 [Note] Plugin 'FEEDBACK' is disabled.
2019-02-18 17:53:45 5100 [Note] Server socket created on IP: '::'.
2019-02-18 17:53:45 5100 [Note] c:\xampp\mysql\bin\mysqld.exe: ready for connections.
Version: '10.1.37-MariaDB'  socket: ''  port: 3306  mariadb.org binary distribution
2019-02-19 18:34:36 24e0 InnoDB: Warning: Using innodb_additional_mem_pool_size is DEPRECATED. This option may be removed in future releases, together with the option innodb_use_sys_malloc and with the InnoDB's internal memory allocator.
2019-02-19 18:34:36 9440 [Note] InnoDB: innodb_empty_free_list_algorithm has been changed to legacy because of small buffer pool size. In order to use backoff, increase buffer pool at least up to 20MB.

2019-02-19 18:34:36 9440 [Note] InnoDB: Using mutexes to ref count buffer pool pages
2019-02-19 18:34:36 9440 [Note] InnoDB: The InnoDB memory heap is disabled
2019-02-19 18:34:36 9440 [Note] InnoDB: Mutexes and rw_locks use Windows interlocked functions
2019-02-19 18:34:36 9440 [Note] InnoDB: _mm_lfence() and _mm_sfence() are used for memory barrier
2019-02-19 18:34:36 9440 [Note] InnoDB: Compressed tables use zlib 1.2.11
2019-02-19 18:34:36 9440 [Note] InnoDB: Using generic crc32 instructions
2019-02-19 18:34:36 9440 [Note] InnoDB: Initializing buffer pool, size = 16.0M
2019-02-19 18:34:36 9440 [Note] InnoDB: Completed initialization of buffer pool
2019-02-19 18:34:36 9440 [Note] InnoDB: Highest supported file format is Barracuda.
2019-02-19 18:34:36 9440 [Note] InnoDB: The log sequence number 1835037 in ibdata file do not match the log sequence number 1835067 in the ib_logfiles!
2019-02-19 18:34:36 9440 [Note] InnoDB: Restoring possible half-written data pages from the doublewrite buffer...
2019-02-19 18:34:36 9440 [Note] InnoDB: 128 rollback segment(s) are active.
2019-02-19 18:34:36 9440 [Note] InnoDB: Waiting for purge to start
2019-02-19 18:34:36 9440 [Note] InnoDB:  Percona XtraDB (http://www.percona.com) 5.6.41-84.1 started; log sequence number 1835067
2019-02-19 18:34:36 11296 [Note] InnoDB: Dumping buffer pool(s) not yet started
2019-02-19 18:34:36 9440 [Note] Plugin 'FEEDBACK' is disabled.
2019-02-19 18:34:36 9440 [Note] Server socket created on IP: '::'.
2019-02-19 18:34:36 9440 [Note] c:\xampp\mysql\bin\mysqld.exe: ready for connections.
Version: '10.1.37-MariaDB'  socket: ''  port: 3306  mariadb.org binary distribution
2019-02-20 14:53:17 1aa0 InnoDB: Warning: Using innodb_additional_mem_pool_size is DEPRECATED. This option may be removed in future releases, together with the option innodb_use_sys_malloc and with the InnoDB's internal memory allocator.
2019-02-20 14:53:17 6816 [Note] InnoDB: innodb_empty_free_list_algorithm has been changed to legacy because of small buffer pool size. In order to use backoff, increase buffer pool at least up to 20MB.

2019-02-20 14:53:17 6816 [Note] InnoDB: Using mutexes to ref count buffer pool pages
2019-02-20 14:53:17 6816 [Note] InnoDB: The InnoDB memory heap is disabled
2019-02-20 14:53:17 6816 [Note] InnoDB: Mutexes and rw_locks use Windows interlocked functions
2019-02-20 14:53:17 6816 [Note] InnoDB: _mm_lfence() and _mm_sfence() are used for memory barrier
2019-02-20 14:53:17 6816 [Note] InnoDB: Compressed tables use zlib 1.2.11
2019-02-20 14:53:17 6816 [Note] InnoDB: Using generic crc32 instructions
2019-02-20 14:53:17 6816 [Note] InnoDB: Initializing buffer pool, size = 16.0M
2019-02-20 14:53:17 6816 [Note] InnoDB: Completed initialization of buffer pool
2019-02-20 14:53:17 6816 [Note] InnoDB: Highest supported file format is Barracuda.
2019-02-20 14:53:17 6816 [Note] InnoDB: The log sequence number 1835037 in ibdata file do not match the log sequence number 1835211 in the ib_logfiles!
2019-02-20 14:53:17 6816 [Note] InnoDB: Restoring possible half-written data pages from the doublewrite buffer...
2019-02-20 14:53:17 6816 [Note] InnoDB: 128 rollback segment(s) are active.
2019-02-20 14:53:17 6816 [Note] InnoDB: Waiting for purge to start
2019-02-20 14:53:17 6816 [Note] InnoDB:  Percona XtraDB (http://www.percona.com) 5.6.41-84.1 started; log sequence number 1835211
2019-02-20 14:53:17 12184 [Note] InnoDB: Dumping buffer pool(s) not yet started
2019-02-20 14:53:17 6816 [Note] Plugin 'FEEDBACK' is disabled.
2019-02-20 14:53:17 6816 [Note] Server socket created on IP: '::'.
2019-02-20 14:53:18 6816 [Note] c:\xampp\mysql\bin\mysqld.exe: ready for connections.
Version: '10.1.37-MariaDB'  socket: ''  port: 3306  mariadb.org binary distribution
2019-02-20 15:21:59 38b8 InnoDB: Warning: Using innodb_additional_mem_pool_size is DEPRECATED. This option may be removed in future releases, together with the option innodb_use_sys_malloc and with the InnoDB's internal memory allocator.
2019-02-20 15:21:59 14520 [Note] InnoDB: innodb_empty_free_list_algorithm has been changed to legacy because of small buffer pool size. In order to use backoff, increase buffer pool at least up to 20MB.

2019-02-20 15:21:59 14520 [Note] InnoDB: Using mutexes to ref count buffer pool pages
2019-02-20 15:21:59 14520 [Note] InnoDB: The InnoDB memory heap is disabled
2019-02-20 15:21:59 14520 [Note] InnoDB: Mutexes and rw_locks use Windows interlocked functions
2019-02-20 15:21:59 14520 [Note] InnoDB: _mm_lfence() and _mm_sfence() are used for memory barrier
2019-02-20 15:21:59 14520 [Note] InnoDB: Compressed tables use zlib 1.2.11
2019-02-20 15:21:59 14520 [Note] InnoDB: Using generic crc32 instructions
2019-02-20 15:21:59 14520 [Note] InnoDB: Initializing buffer pool, size = 16.0M
2019-02-20 15:21:59 14520 [Note] InnoDB: Completed initialization of buffer pool
2019-02-20 15:21:59 14520 [Note] InnoDB: Highest supported file format is Barracuda.
2019-02-20 15:21:59 14520 [Note] InnoDB: The log sequence number 1835037 in ibdata file do not match the log sequence number 1836173 in the ib_logfiles!
2019-02-20 15:21:59 14520 [Note] InnoDB: Restoring possible half-written data pages from the doublewrite buffer...
2019-02-20 15:21:59 14520 [Note] InnoDB: 128 rollback segment(s) are active.
2019-02-20 15:21:59 14520 [Note] InnoDB: Waiting for purge to start
2019-02-20 15:21:59 14520 [Note] InnoDB:  Percona XtraDB (http://www.percona.com) 5.6.41-84.1 started; log sequence number 1836173
2019-02-20 15:21:59 5452 [Note] InnoDB: Dumping buffer pool(s) not yet started
2019-02-20 15:21:59 14520 [Note] Plugin 'FEEDBACK' is disabled.
2019-02-20 15:21:59 14520 [Note] Server socket created on IP: '::'.
2019-02-20 15:21:59 14520 [ERROR] mysqld.exe: Table '.\mysql\user' is marked as crashed and should be repaired
2019-02-20 15:21:59 14520 [Warning] Checking table:   '.\mysql\user'
2019-02-20 15:21:59 14520 [ERROR] mysql.user: 1 client is using or hasn't closed the table properly
2019-02-20 15:21:59 14520 [Note] c:\xampp\mysql\bin\mysqld.exe: ready for connections.
Version: '10.1.37-MariaDB'  socket: ''  port: 3306  mariadb.org binary distribution
2019-02-21 16:01:53 377c InnoDB: Warning: Using innodb_additional_mem_pool_size is DEPRECATED. This option may be removed in future releases, together with the option innodb_use_sys_malloc and with the InnoDB's internal memory allocator.
2019-02-21 16:01:53 14204 [Note] InnoDB: innodb_empty_free_list_algorithm has been changed to legacy because of small buffer pool size. In order to use backoff, increase buffer pool at least up to 20MB.

2019-02-21 16:01:53 14204 [Note] InnoDB: Using mutexes to ref count buffer pool pages
2019-02-21 16:01:53 14204 [Note] InnoDB: The InnoDB memory heap is disabled
2019-02-21 16:01:53 14204 [Note] InnoDB: Mutexes and rw_locks use Windows interlocked functions
2019-02-21 16:01:53 14204 [Note] InnoDB: _mm_lfence() and _mm_sfence() are used for memory barrier
2019-02-21 16:01:53 14204 [Note] InnoDB: Compressed tables use zlib 1.2.11
2019-02-21 16:01:53 14204 [Note] InnoDB: Using generic crc32 instructions
2019-02-21 16:01:53 14204 [Note] InnoDB: Initializing buffer pool, size = 16.0M
2019-02-21 16:01:53 14204 [Note] InnoDB: Completed initialization of buffer pool
2019-02-21 16:01:53 14204 [Note] InnoDB: Highest supported file format is Barracuda.
2019-02-21 16:01:53 14204 [Note] InnoDB: The log sequence number 1835037 in ibdata file do not match the log sequence number 1837584 in the ib_logfiles!
2019-02-21 16:01:53 14204 [Note] InnoDB: Restoring possible half-written data pages from the doublewrite buffer...
2019-02-21 16:01:53 14204 [Note] InnoDB: 128 rollback segment(s) are active.
2019-02-21 16:01:53 14204 [Note] InnoDB: Waiting for purge to start
2019-02-21 16:01:53 14204 [Note] InnoDB:  Percona XtraDB (http://www.percona.com) 5.6.41-84.1 started; log sequence number 1837584
2019-02-21 16:01:53 14828 [Note] InnoDB: Dumping buffer pool(s) not yet started
2019-02-21 16:01:53 14204 [Note] Plugin 'FEEDBACK' is disabled.
2019-02-21 16:01:53 14204 [Note] Server socket created on IP: '::'.
2019-02-21 16:01:54 14204 [Note] c:\xampp\mysql\bin\mysqld.exe: ready for connections.
Version: '10.1.37-MariaDB'  socket: ''  port: 3306  mariadb.org binary distribution
