16:16:05  [main] 	Initializing Control Panel
16:16:05  [main] 	Windows Version:  Enterprise  64-bit
16:16:05  [main] 	XAMPP Version: 5.6.40
16:16:05  [main] 	Control Panel Version: 3.2.2  [ Compiled: Nov 12th 2015 ]
16:16:05  [main] 	You are not running with administrator rights! This will work for
16:16:05  [main] 	most application stuff but whenever you do something with services
16:16:05  [main] 	there will be a security dialogue or things will break! So think 
16:16:05  [main] 	about running this application with administrator rights!
16:16:05  [main] 	XAMPP Installation Directory: "c:\xampp\"
16:16:05  [main] 	Checking for prerequisites
16:16:07  [main] 	All prerequisites found
16:16:07  [main] 	Initializing Modules
16:16:07  [main] 	Starting Check-Timer
16:16:07  [main] 	Control Panel Ready
17:16:00  [Apache] 	Attempting to start Apache app...
17:16:01  [Apache] 	Status change detected: running
17:16:16  [Apache] 	Attempting to stop Apache (PID: 10300)
17:16:16  [Apache] 	Attempting to stop Apache (PID: 2780)
17:16:16  [Apache] 	Status change detected: stopped
17:16:36  [Apache] 	Attempting to start Apache app...
17:16:36  [Apache] 	Status change detected: running
17:36:58  [mysql] 	Attempting to start MySQL app...
17:36:59  [mysql] 	Status change detected: running
17:48:07  [Apache] 	Attempting to stop Apache (PID: 12684)
17:48:07  [Apache] 	Attempting to stop Apache (PID: 12956)
17:48:08  [Apache] 	Status change detected: stopped
17:48:09  [Apache] 	Attempting to start Apache app...
17:48:10  [Apache] 	Status change detected: running
03:22:40  [Apache] 	Status change detected: stopped
03:22:40  [Apache] 	Error: Apache shutdown unexpectedly.
03:22:40  [Apache] 	This may be due to a blocked port, missing dependencies, 
03:22:40  [Apache] 	improper privileges, a crash, or a shutdown by another method.
03:22:40  [Apache] 	Press the Logs button to view error logs and check
03:22:40  [Apache] 	the Windows Event Viewer for more clues
03:22:40  [Apache] 	If you need more help, copy and post this
03:22:40  [Apache] 	entire log window on the forums
03:22:40  [mysql] 	Status change detected: stopped
03:22:40  [mysql] 	Error: MySQL shutdown unexpectedly.
03:22:40  [mysql] 	This may be due to a blocked port, missing dependencies, 
03:22:40  [mysql] 	improper privileges, a crash, or a shutdown by another method.
03:22:40  [mysql] 	Press the Logs button to view error logs and check
03:22:40  [mysql] 	the Windows Event Viewer for more clues
03:22:40  [mysql] 	If you need more help, copy and post this
03:22:40  [mysql] 	entire log window on the forums
03:22:42  [main] 	Deinitializing Modules
03:22:42  [main] 	Deinitializing Control Panel

17:44:48  [main] 	Initializing Control Panel
17:44:48  [main] 	Windows Version:  Enterprise  64-bit
17:44:48  [main] 	XAMPP Version: 5.6.40
17:44:48  [main] 	Control Panel Version: 3.2.2  [ Compiled: Nov 12th 2015 ]
17:44:48  [main] 	You are not running with administrator rights! This will work for
17:44:48  [main] 	most application stuff but whenever you do something with services
17:44:48  [main] 	there will be a security dialogue or things will break! So think 
17:44:48  [main] 	about running this application with administrator rights!
17:44:48  [main] 	XAMPP Installation Directory: "c:\xampp\"
17:44:48  [main] 	Checking for prerequisites
17:44:49  [main] 	All prerequisites found
17:44:49  [main] 	Initializing Modules
17:44:49  [main] 	Starting Check-Timer
17:44:49  [main] 	Control Panel Ready
17:44:51  [Apache] 	Attempting to start Apache app...
17:44:51  [Apache] 	Status change detected: running
17:44:51  [mysql] 	Attempting to start MySQL app...
17:44:53  [mysql] 	Status change detected: running
17:53:43  [mysql] 	Attempting to stop MySQL app...
17:53:44  [mysql] 	Status change detected: stopped
17:53:44  [mysql] 	Attempting to start MySQL app...
17:53:45  [mysql] 	Status change detected: running
17:53:45  [Apache] 	Attempting to stop Apache (PID: 11436)
17:53:45  [Apache] 	Attempting to stop Apache (PID: 14520)
17:53:46  [Apache] 	Status change detected: stopped
17:53:47  [Apache] 	Attempting to start Apache app...
17:53:47  [Apache] 	Status change detected: running
02:51:57  [main] 	Deinitializing Modules
02:51:57  [main] 	Deinitializing Control Panel

18:34:30  [main] 	Initializing Control Panel
18:34:30  [main] 	Windows Version:  Enterprise  64-bit
18:34:30  [main] 	XAMPP Version: 5.6.40
18:34:30  [main] 	Control Panel Version: 3.2.2  [ Compiled: Nov 12th 2015 ]
18:34:30  [main] 	You are not running with administrator rights! This will work for
18:34:30  [main] 	most application stuff but whenever you do something with services
18:34:30  [main] 	there will be a security dialogue or things will break! So think 
18:34:30  [main] 	about running this application with administrator rights!
18:34:30  [main] 	XAMPP Installation Directory: "c:\xampp\"
18:34:30  [main] 	Checking for prerequisites
18:34:31  [main] 	All prerequisites found
18:34:31  [main] 	Initializing Modules
18:34:31  [main] 	Starting Check-Timer
18:34:31  [main] 	Control Panel Ready
18:34:34  [Apache] 	Attempting to start Apache app...
18:34:34  [mysql] 	Attempting to start MySQL app...
18:34:36  [Apache] 	Status change detected: running
18:34:36  [mysql] 	Status change detected: running
04:19:44  [main] 	Deinitializing Modules
04:19:44  [main] 	Deinitializing Control Panel

15:21:26  [main] 	Initializing Control Panel
15:21:26  [main] 	Windows Version:  Enterprise  64-bit
15:21:26  [main] 	XAMPP Version: 5.6.40
15:21:26  [main] 	Control Panel Version: 3.2.2  [ Compiled: Nov 12th 2015 ]
15:21:26  [main] 	You are not running with administrator rights! This will work for
15:21:26  [main] 	most application stuff but whenever you do something with services
15:21:26  [main] 	there will be a security dialogue or things will break! So think 
15:21:26  [main] 	about running this application with administrator rights!
15:21:26  [main] 	XAMPP Installation Directory: "c:\xampp\"
15:21:26  [main] 	Checking for prerequisites
15:21:26  [main] 	All prerequisites found
15:21:26  [main] 	Initializing Modules
15:21:26  [Apache] 	XAMPP Apache is already running on port 80
15:21:26  [Apache] 	XAMPP Apache is already running on port 443
15:21:26  [main] 	Starting Check-Timer
15:21:26  [main] 	Control Panel Ready
15:21:53  [Apache] 	Attempting to stop Apache (PID: 15608)
15:21:53  [Apache] 	Attempting to stop Apache (PID: 7676)
15:21:53  [Apache] 	Status change detected: stopped
15:21:54  [mysql] 	Attempting to stop MySQL app...
15:21:54  [mysql] 	Status change detected: stopped
15:21:59  [mysql] 	Attempting to start MySQL app...
15:21:59  [mysql] 	Status change detected: running
15:22:00  [Apache] 	Attempting to start Apache app...
15:22:00  [Apache] 	Status change detected: running
15:30:29  [Apache] 	Attempting to stop Apache (PID: 16164)
15:30:29  [Apache] 	Attempting to stop Apache (PID: 1124)
15:30:29  [Apache] 	Status change detected: stopped
15:30:31  [Apache] 	Attempting to start Apache app...
15:30:31  [Apache] 	Status change detected: running
15:34:38  [Apache] 	Attempting to stop Apache (PID: 16528)
15:34:38  [Apache] 	Attempting to stop Apache (PID: 5020)
15:34:39  [Apache] 	Status change detected: stopped
15:34:40  [Apache] 	Attempting to start Apache app...
15:34:40  [Apache] 	Status change detected: running
06:06:55  [main] 	Deinitializing Modules
06:06:55  [main] 	Deinitializing Control Panel

16:01:42  [main] 	Initializing Control Panel
16:01:42  [main] 	Windows Version:  Enterprise  64-bit
16:01:42  [main] 	XAMPP Version: 5.6.40
16:01:42  [main] 	Control Panel Version: 3.2.2  [ Compiled: Nov 12th 2015 ]
16:01:42  [main] 	You are not running with administrator rights! This will work for
16:01:42  [main] 	most application stuff but whenever you do something with services
16:01:42  [main] 	there will be a security dialogue or things will break! So think 
16:01:42  [main] 	about running this application with administrator rights!
16:01:42  [main] 	XAMPP Installation Directory: "c:\xampp\"
16:01:42  [main] 	Checking for prerequisites
16:01:43  [main] 	All prerequisites found
16:01:43  [main] 	Initializing Modules
16:01:43  [main] 	Starting Check-Timer
16:01:43  [main] 	Control Panel Ready
16:01:51  [Apache] 	Attempting to start Apache app...
16:01:52  [mysql] 	Attempting to start MySQL app...
16:01:53  [Apache] 	Status change detected: running
16:01:53  [mysql] 	Status change detected: running
03:58:05  [main] 	Deinitializing Modules
03:58:05  [main] 	Deinitializing Control Panel

